<?xml version="1.0" encoding="UTF-8"?>
<!-- Generated by org.testng.reporters.JUnitReportReporter -->
<testsuite skipped="0" hostname="mobaroks-MBP.home" name="myyWorkTesting.SmokeTesting" tests="1" failures="0" timestamp="2020-01-21T23:57:26 EST" time="1.772" errors="0">
  <testcase name="smokeTesingOnHomePage" time="1.772" classname="myyWorkTesting.SmokeTesting"/>
</testsuite> <!-- myyWorkTesting.SmokeTesting -->
